testing/app/build/intermediates/manifest_merge_blame_file/debug/manifest-merger-blame-debug-report.txt
1<?xml version="1.0" encoding="utf-8"?>
2<manifest xmlns:android="http://schemas.android.com/apk/res/android"
3    package="com.example.testing"
4    android:versionCode="1"
5    android:versionName="1.0" >
6
7    <uses-sdk
8        android:minSdkVersion="21"
8-->src\main\AndroidManifest.xml
9        android:targetSdkVersion="32" />
9-->src\main\AndroidManifest.xml
10
11    <uses-permission android:name="android.permission.INTERNET" />
11-->[com.google.firebase:firebase-auth:21.0.6] AndroidManifest.xml:23:5-67
11-->[com.google.firebase:firebase-auth:21.0.6] AndroidManifest.xml:23:22-64
12    <uses-permission android:name="android.permission.ACCESS_NETWORK_STATE" />
12-->[com.google.firebase:firebase-auth:21.0.6] AndroidManifest.xml:24:5-79
12-->[com.google.firebase:firebase-auth:21.0.6] AndroidManifest.xml:24:22-76
13
14    <application
14-->src\main\AndroidManifest.xml:5:5-35:19
15        android:allowBackup="true"
15-->src\main\AndroidManifest.xml:6:9-35
16        android:appComponentFactory="androidx.core.app.CoreComponentFactory"
16-->[androidx.core:core:1.5.0] AndroidManifest.xml:24:18-86
17        android:debuggable="true"
18        android:icon="@mipmap/ic_launcher"
18-->src\main\AndroidManifest.xml:7:9-43
19        android:label="@string/app_name"
19-->src\main\AndroidManifest.xml:8:9-41
20        android:roundIcon="@mipmap/ic_launcher_round"
20-->src\main\AndroidManifest.xml:9:9-54
21        android:supportsRtl="true"
21-->src\main\AndroidManifest.xml:10:9-35
22        android:testOnly="true"
23        android:theme="@style/Theme.Testing" >
23-->src\main\AndroidManifest.xml:11:9-45
24        <activity android:name="com.example.testing.ui.MainActivity" />
24-->src\main\AndroidManifest.xml:12:9-59
24-->src\main\AndroidManifest.xml:12:19-47
25        <activity android:name="com.example.testing.ui.user_forgot" />
25-->src\main\AndroidManifest.xml:13:9-49
25-->src\main\AndroidManifest.xml:13:19-46
26        <activity android:name="com.example.testing.ui.DocSchedule" />
26-->src\main\AndroidManifest.xml:14:9-49
26-->src\main\AndroidManifest.xml:14:19-46
27        <activity android:name="com.example.testing.ui.My_Prescriptions" />
27-->src\main\AndroidManifest.xml:15:9-54
27-->src\main\AndroidManifest.xml:15:19-51
28        <activity android:name="com.example.testing.ui.AllSlots" />
28-->src\main\AndroidManifest.xml:16:9-46
28-->src\main\AndroidManifest.xml:16:19-43
29        <activity android:name="com.example.testing.ui.All_Prescriptions" />
29-->src\main\AndroidManifest.xml:17:9-55
29-->src\main\AndroidManifest.xml:17:19-52
30        <activity android:name="com.example.testing.ui.Add_Prescription" />
30-->src\main\AndroidManifest.xml:18:9-54
30-->src\main\AndroidManifest.xml:18:19-51
31        <activity android:name="com.example.testing.ui.Patient_Dashboard" />
31-->src\main\AndroidManifest.xml:19:9-55
31-->src\main\AndroidManifest.xml:19:19-52
32        <activity android:name="com.example.testing.ui.AllComments" />
32-->src\main\AndroidManifest.xml:20:9-49
32-->src\main\AndroidManifest.xml:20:19-46
33        <activity android:name="com.example.testing.ui.PatientDetails" />
33-->src\main\AndroidManifest.xml:21:9-52
33-->src\main\AndroidManifest.xml:21:19-49
34        <activity android:name="com.example.testing.ui.Display_Patients" />
34-->src\main\AndroidManifest.xml:22:9-54
34-->src\main\AndroidManifest.xml:22:19-51
35        <activity android:name="com.example.testing.ui.AcceptData" />
35-->src\main\AndroidManifest.xml:23:9-48
35-->src\main\AndroidManifest.xml:23:19-45
36        <activity android:name="com.example.testing.ui.Dashboard" />
36-->src\main\AndroidManifest.xml:24:9-47
36-->src\main\AndroidManifest.xml:24:19-44
37        <activity android:name="com.example.testing.ui.Register_Activity" />
37-->src\main\AndroidManifest.xml:25:9-55
37-->src\main\AndroidManifest.xml:25:19-52
38        <activity android:name="com.example.testing.ui.splash" >
38-->src\main\AndroidManifest.xml:26:9-32:20
38-->src\main\AndroidManifest.xml:26:19-41
39            <intent-filter>
39-->src\main\AndroidManifest.xml:27:13-31:29
40                <action android:name="android.intent.action.MAIN" />
40-->src\main\AndroidManifest.xml:28:17-69
40-->src\main\AndroidManifest.xml:28:25-66
41
42                <category android:name="android.intent.category.LAUNCHER" />
42-->src\main\AndroidManifest.xml:30:17-77
42-->src\main\AndroidManifest.xml:30:27-74
43            </intent-filter>
44        </activity>
45
46        <receiver android:name="com.example.testing.ui.RunsOutReminder" />
46-->src\main\AndroidManifest.xml:34:9-53
46-->src\main\AndroidManifest.xml:34:19-50
47
48        <activity
48-->[com.google.firebase:firebase-auth:21.0.6] AndroidManifest.xml:27:9-44:20
49            android:name="com.google.firebase.auth.internal.GenericIdpActivity"
49-->[com.google.firebase:firebase-auth:21.0.6] AndroidManifest.xml:28:13-80
50            android:excludeFromRecents="true"
50-->[com.google.firebase:firebase-auth:21.0.6] AndroidManifest.xml:29:13-46
51            android:exported="true"
51-->[com.google.firebase:firebase-auth:21.0.6] AndroidManifest.xml:30:13-36
52            android:launchMode="singleTask"
52-->[com.google.firebase:firebase-auth:21.0.6] AndroidManifest.xml:31:13-44
53            android:theme="@android:style/Theme.Translucent.NoTitleBar" >
53-->[com.google.firebase:firebase-auth:21.0.6] AndroidManifest.xml:32:13-72
54            <intent-filter>
54-->[com.google.firebase:firebase-auth:21.0.6] AndroidManifest.xml:33:13-43:29
55                <action android:name="android.intent.action.VIEW" />
55-->[com.google.firebase:firebase-auth:21.0.6] AndroidManifest.xml:34:17-69
55-->[com.google.firebase:firebase-auth:21.0.6] AndroidManifest.xml:34:25-66
56
57                <category android:name="android.intent.category.DEFAULT" />
57-->[com.google.firebase:firebase-auth:21.0.6] AndroidManifest.xml:36:17-76
57-->[com.google.firebase:firebase-auth:21.0.6] AndroidManifest.xml:36:27-73
58                <category android:name="android.intent.category.BROWSABLE" />
58-->[com.google.firebase:firebase-auth:21.0.6] AndroidManifest.xml:37:17-78
58-->[com.google.firebase:firebase-auth:21.0.6] AndroidManifest.xml:37:27-75
59
60                <data
60-->[com.google.firebase:firebase-auth:21.0.6] AndroidManifest.xml:39:17-42:51
61                    android:host="firebase.auth"
61-->[com.google.firebase:firebase-auth:21.0.6] AndroidManifest.xml:40:21-49
62                    android:path="/"
62-->[com.google.firebase:firebase-auth:21.0.6] AndroidManifest.xml:41:21-37
63                    android:scheme="genericidp" />
63-->[com.google.firebase:firebase-auth:21.0.6] AndroidManifest.xml:42:21-48
64            </intent-filter>
65        </activity>
66        <activity
66-->[com.google.firebase:firebase-auth:21.0.6] AndroidManifest.xml:45:9-62:20
67            android:name="com.google.firebase.auth.internal.RecaptchaActivity"
67-->[com.google.firebase:firebase-auth:21.0.6] AndroidManifest.xml:46:13-79
68            android:excludeFromRecents="true"
68-->[com.google.firebase:firebase-auth:21.0.6] AndroidManifest.xml:47:13-46
69            android:exported="true"
69-->[com.google.firebase:firebase-auth:21.0.6] AndroidManifest.xml:48:13-36
70            android:launchMode="singleTask"
70-->[com.google.firebase:firebase-auth:21.0.6] AndroidManifest.xml:49:13-44
71            android:theme="@android:style/Theme.Translucent.NoTitleBar" >
71-->[com.google.firebase:firebase-auth:21.0.6] AndroidManifest.xml:50:13-72
72            <intent-filter>
72-->[com.google.firebase:firebase-auth:21.0.6] AndroidManifest.xml:51:13-61:29
73                <action android:name="android.intent.action.VIEW" />
73-->[com.google.firebase:firebase-auth:21.0.6] AndroidManifest.xml:34:17-69
73-->[com.google.firebase:firebase-auth:21.0.6] AndroidManifest.xml:34:25-66
74
75                <category android:name="android.intent.category.DEFAULT" />
75-->[com.google.firebase:firebase-auth:21.0.6] AndroidManifest.xml:36:17-76
75-->[com.google.firebase:firebase-auth:21.0.6] AndroidManifest.xml:36:27-73
76                <category android:name="android.intent.category.BROWSABLE" />
76-->[com.google.firebase:firebase-auth:21.0.6] AndroidManifest.xml:37:17-78
76-->[com.google.firebase:firebase-auth:21.0.6] AndroidManifest.xml:37:27-75
77
78                <data
78-->[com.google.firebase:firebase-auth:21.0.6] AndroidManifest.xml:39:17-42:51
79                    android:host="firebase.auth"
79-->[com.google.firebase:firebase-auth:21.0.6] AndroidManifest.xml:40:21-49
80                    android:path="/"
80-->[com.google.firebase:firebase-auth:21.0.6] AndroidManifest.xml:41:21-37
81                    android:scheme="recaptcha" />
81-->[com.google.firebase:firebase-auth:21.0.6] AndroidManifest.xml:42:21-48
82            </intent-filter>
83        </activity>
84
85        <service
85-->[com.google.firebase:firebase-auth:21.0.6] AndroidManifest.xml:64:9-70:19
86            android:name="com.google.firebase.components.ComponentDiscoveryService"
86-->[com.google.firebase:firebase-auth:21.0.6] AndroidManifest.xml:65:13-84
87            android:directBootAware="true"
87-->[com.google.firebase:firebase-common:20.1.1] AndroidManifest.xml:35:13-43
88            android:exported="false" >
88-->[com.google.firebase:firebase-auth:21.0.6] AndroidManifest.xml:66:13-37
89            <meta-data
89-->[com.google.firebase:firebase-auth:21.0.6] AndroidManifest.xml:67:13-69:85
90                android:name="com.google.firebase.components:com.google.firebase.auth.FirebaseAuthRegistrar"
90-->[com.google.firebase:firebase-auth:21.0.6] AndroidManifest.xml:68:17-109
91                android:value="com.google.firebase.components.ComponentRegistrar" />
91-->[com.google.firebase:firebase-auth:21.0.6] AndroidManifest.xml:69:17-82
92            <meta-data
92-->[com.google.firebase:firebase-database:20.0.5] AndroidManifest.xml:32:13-34:85
93                android:name="com.google.firebase.components:com.google.firebase.database.DatabaseRegistrar"
93-->[com.google.firebase:firebase-database:20.0.5] AndroidManifest.xml:33:17-109
94                android:value="com.google.firebase.components.ComponentRegistrar" />
94-->[com.google.firebase:firebase-database:20.0.5] AndroidManifest.xml:34:17-82
95        </service>
96
97        <provider
97-->[com.google.firebase:firebase-common:20.1.1] AndroidManifest.xml:26:9-31:39
98            android:name="com.google.firebase.provider.FirebaseInitProvider"
98-->[com.google.firebase:firebase-common:20.1.1] AndroidManifest.xml:27:13-77
99            android:authorities="com.example.testing.firebaseinitprovider"
99-->[com.google.firebase:firebase-common:20.1.1] AndroidManifest.xml:28:13-72
100            android:directBootAware="true"
100-->[com.google.firebase:firebase-common:20.1.1] AndroidManifest.xml:29:13-43
101            android:exported="false"
101-->[com.google.firebase:firebase-common:20.1.1] AndroidManifest.xml:30:13-37
102            android:initOrder="100" />
102-->[com.google.firebase:firebase-common:20.1.1] AndroidManifest.xml:31:13-36
103
104        <activity
104-->[com.google.android.gms:play-services-base:18.0.1] AndroidManifest.xml:20:9-22:45
105            android:name="com.google.android.gms.common.api.GoogleApiActivity"
105-->[com.google.android.gms:play-services-base:18.0.1] AndroidManifest.xml:20:19-85
106            android:exported="false"
106-->[com.google.android.gms:play-services-base:18.0.1] AndroidManifest.xml:22:19-43
107            android:theme="@android:style/Theme.Translucent.NoTitleBar" />
107-->[com.google.android.gms:play-services-base:18.0.1] AndroidManifest.xml:21:19-78
108
109        <meta-data
109-->[com.google.android.gms:play-services-basement:18.0.0] AndroidManifest.xml:21:9-23:69
110            android:name="com.google.android.gms.version"
110-->[com.google.android.gms:play-services-basement:18.0.0] AndroidManifest.xml:22:13-58
111            android:value="@integer/google_play_services_version" />
111-->[com.google.android.gms:play-services-basement:18.0.0] AndroidManifest.xml:23:13-66
112
113        <provider
113-->[androidx.lifecycle:lifecycle-process:2.2.0] AndroidManifest.xml:25:9-29:43
114            android:name="androidx.lifecycle.ProcessLifecycleOwnerInitializer"
114-->[androidx.lifecycle:lifecycle-process:2.2.0] AndroidManifest.xml:26:13-79
115            android:authorities="com.example.testing.lifecycle-process"
115-->[androidx.lifecycle:lifecycle-process:2.2.0] AndroidManifest.xml:27:13-69
116            android:exported="false"
116-->[androidx.lifecycle:lifecycle-process:2.2.0] AndroidManifest.xml:28:13-37
117            android:multiprocess="true" />
117-->[androidx.lifecycle:lifecycle-process:2.2.0] AndroidManifest.xml:29:13-40
118    </application>
119
120</manifest>